{"name": "test_authorizationError", "status": "failed", "statusDetails": {"message": "AssertionError: assert 'Loogin' == ''\n  \n  + Loogin", "trace": "browser = <selenium.webdriver.chrome.webdriver.WebDriver (session=\"eed706844e96a105fd9ef198933f4612\")>\n\n    @allure.feature('Registration')\n    @allure.story('Registartion to the system')\n    def test_authorizationError(browser):\n        with allure.step('Open browser'):\n            authorization_page = AuthorizationPage(browser)\n        with allure.step('Open browser'):\n            authorization_page.open()\n        with allure.step('Check the text'):\n>           assert \"Loogin\" == authorization_page.login_button().text\nE           AssertionError: assert 'Loogin' == ''\nE             \nE             + Loogin\n\ntests\\test_authorization.py:33: AssertionError"}, "steps": [{"name": "Open browser", "status": "passed", "start": 1713970218645, "stop": 1713970218645}, {"name": "Open browser", "status": "passed", "steps": [{"name": "Open browser", "status": "passed", "start": 1713970218646, "stop": 1713970219537}], "start": 1713970218646, "stop": 1713970219537}, {"name": "Check the text", "status": "failed", "statusDetails": {"message": "AssertionError: assert 'Loogin' == ''\n  \n  + Loogin\n", "trace": "  File \"C:\\Users\\BiakhmetovaD\\PycharmProjects\\pythonProject\\tests\\test_authorization.py\", line 33, in test_authorizationError\n    assert \"Loogin\" == authorization_page.login_button().text\n"}, "steps": [{"name": "Find the button", "status": "passed", "start": 1713970219537, "stop": 1713970219551}], "start": 1713970219537, "stop": 1713970219564}], "start": 1713970218645, "stop": 1713970219565, "uuid": "6fcbfacf-aeb2-4d1b-9b42-89867b54673b", "historyId": "341ec5cc1773cbcb03661d582397730c", "testCaseId": "341ec5cc1773cbcb03661d582397730c", "fullName": "tests.test_authorization#test_authorizationError", "labels": [{"name": "story", "value": "Registartion to the system"}, {"name": "feature", "value": "Registration"}, {"name": "parentSuite", "value": "tests"}, {"name": "suite", "value": "test_authorization"}, {"name": "host", "value": "610-11"}, {"name": "thread", "value": "9564-MainThread"}, {"name": "framework", "value": "pytest"}, {"name": "language", "value": "cpython3"}, {"name": "package", "value": "tests.test_authorization"}]}